[	09-05-2019 20:28:47	] [BAN ACTION] A new ban record has been added. Player: 'Easy' was banned by 'juanjoseml16' for 'Banned by staff. 30' until '11/05/2019 2:28:47'.
[	09-05-2019 20:43:24	] [BAN ACTION] The following ban record has been removed (player unbanned). [Player: Easy was banned by juanjoseml16 for Banned by staff. 30 until 11/05/2019 2:28:47.]
[	10-05-2019 20:00:34	] [BAN ACTION] A new ban record has been added. Player: 'SoyTonto' was banned by 'ByTriis' for 'A le ya te puedes ir cruk' until '01/01/3000 0:00:00'.
[	10-05-2019 20:02:13	] [BAN ACTION] A new ban record has been added. Player: 'FernandoManosSerrucho' was banned by 'ByTriis' for 'Banned by staff.bytriis ale a llorar a otro lado maquina' until '01/01/3000 0:00:00'.
[	10-05-2019 21:32:33	] [KICK ACTION] Player: juanjoseml16 has kicked: WALKMAN for: You have been kicked. Reason: estar afk y no contestar.
[	11-05-2019 04:58:09	] [BAN ACTION] A new ban record has been added. Player: '6 Agus' was banned by 'ByTriis' for 'Banned by staff.a spamear a tu casa tontito' until '01/01/3000 0:00:00'.
[	11-05-2019 07:43:21	] [BAN ACTION] A new ban record has been added. Player: 'Posada' was banned by 'ByTriis' for 'Banned by staff.ricos chetos chaval, vete al pop life con el cheat engine' until '01/01/3000 0:00:00'.
[	11-05-2019 11:37:03	] [BAN ACTION] A new ban record has been added. Player: 'Hugo Sanchez' was banned by 'byBraX' for 'Banned by staff.' until '01/01/3000 0:00:00'.
[	11-05-2019 11:37:07	] [BAN ACTION] A new ban record has been added. Player: 'InvalidPlayerName' was banned by 'juanjoseml16' for 'Banned by staff.' until '01/01/3000 0:00:00'.
[	11-05-2019 20:48:10	] [BAN ACTION] A new ban record has been added. Player: 'JandroASM' was banned by 'ByTriis' for 'Banned by staff. DEJAR DE  HACER ANTIROL! NO PODEIS IR ROBANDO 800 COCHES Y MENOS INTENTAR ATROPELLAR A LA GENTE' until '18/05/2019 2:48:10'.
[	11-05-2019 20:48:27	] [BAN ACTION] A new ban record has been added. Player: 'cloownwolf999' was banned by 'ByTriis' for 'Banned by staff.X2' until '11/05/2019 22:18:27'.
[	11-05-2019 20:48:34	] [BAN ACTION] A new ban record has been added. Player: 'InvalidPlayerName' was banned by 'ByTriis' for 'Banned by staff.X2 ' until '18/05/2019 2:48:34'.
[	11-05-2019 20:48:56	] [BAN ACTION] A new ban record has been added. Player: 'Munsin' was banned by 'ByTriis' for 'Banned by staff, x3' until '18/05/2019 2:48:56'.
[	11-05-2019 21:27:42	] [BAN ACTION] A new ban record has been added. Player: '3Galoo' was banned by 'ByTriis' for 'Banned by staff.ha hackear a tu casa!!!!! vete a tomar por culo' until '01/01/3000 0:00:00'.
[	12-05-2019 18:18:29	] [BAN ACTION] A new ban record has been added. Player: 'TOROSUDOROSO' was banned by 'byBraX' for 'POR UTILIZAR HACKS' until '01/01/3000 0:00:00'.
[	12-05-2019 18:18:33	] [BAN ACTION] A new ban record has been added. Player: 'InvalidPlayerName' was banned by 'Boomer' for 'Banned by staff.' until '01/01/3000 0:00:00'.
[	12-05-2019 18:21:39	] [BAN ACTION] The following ban record has been removed (player unbanned). [Player: TOROSUDOROSO was banned by byBraX for POR UTILIZAR HACKS until 01/01/3000 0:00:00.]
[	12-05-2019 18:25:29	] [BAN ACTION] A new ban record has been added. Player: 'El Jefe' was banned by 'ByTriis' for 'Banned by staff.a tomar por culo inutirl de mierda' until '01/01/3000 0:00:00'.
[	12-05-2019 18:38:36	] [BAN ACTION] A new ban record has been added. Player: 'pap0t3 mal0t3' was banned by 'ByTriis' for 'Banned by staff.antirol rico chaval, a tomar por culo inutil' until '01/01/3000 0:00:00'.
[	12-05-2019 18:44:41	] [BAN ACTION] A new ban record has been added. Player: 'Leandro' was banned by 'byBraX' for 'Banned by staff.' until '12/05/2019 20:14:41'.
[	12-05-2019 18:44:46	] [BAN ACTION] A new ban record has been added. Player: 'InvalidPlayerName' was banned by 'byBraX' for 'Banned by staff.' until '01/01/3000 0:00:00'.
[	12-05-2019 19:29:38	] [BAN ACTION] A new ban record has been added. Player: 'LeoLeo177' was banned by 'byBraX' for 'Banned by staff.' until '01/01/3000 0:00:00'.
[	12-05-2019 19:40:59	] [KICK ACTION] Player: ByTriis has kicked: ReDoNdITiS for: You have been kicked. Reason: pegar a un admin.
[	12-05-2019 20:58:21	] [KICK ACTION] Player: Boomer has kicked: SeSviCiusS for: You have been kicked. Reason: Robar coche poli.
[	12-05-2019 21:10:19	] [BAN ACTION] A new ban record has been added. Player: 'Yibambe' was banned by 'ByTriis' for 'Banned by staff.vete a tomar por culo hijo de la gran puta' until '01/01/3000 0:00:00'.
[	12-05-2019 21:47:18	] [BAN ACTION] A new ban record has been added. Player: 'Darken' was banned by 'ByTriis' for 'Banned by staff.me cago en toda tu puta madre hijo de la gran puta' until '01/01/3000 0:00:00'.
[	12-05-2019 22:25:00	] [BAN ACTION] A new ban record has been added. Player: 'JohnMclor' was banned by 'ByTriis' for 'Banned by staff.' until '01/01/3000 0:00:00'.
[	12-05-2019 23:25:43	] [BAN ACTION] The following ban record has been removed (player unbanned). [Player: Yibambe was banned by ByTriis for Banned by staff.vete a tomar por culo hijo de la gran puta until 01/01/3000 0:00:00.]
[	14-05-2019 17:14:49	] [BAN ACTION] A new ban record has been added. Player: '1*per cleor6' was banned by 'rydeR' for 'Pillada x2. "No dinero no me he dado" Tienes 1 millon en el banco. Aquí hackers 0 :)' until '01/01/3000 0:00:00'.
[	14-05-2019 17:27:44	] [BAN ACTION] A new ban record has been added. Player: 'Mark' was banned by 'ByTriis' for 'Banned by staff.VETE A TOMAR POR CULO, SI QUIERES RECLAMAR VENTE A DISCORD!!!!! BESITOS CRUCK ;)' until '01/01/3000 0:00:00'.
[	14-05-2019 19:58:50	] [BAN ACTION] A new ban record has been added. Player: 'kEko' was banned by 'ByTriis' for 'Banned by staff.1 SEMANITA BAN, A LA PROXIMA PERBA' until '22/05/2019 7:58:50'.
[	14-05-2019 20:00:25	] [BAN ACTION] A new ban record has been added. Player: 'Twitch Xadrog' was banned by 'ByTriis' for 'Banned by staff.UNA SEMANITA BAN, ESTOY CANSADO YA, MUCHOS REPORTS CONTRA VOSOTROS' until '22/05/2019 8:00:25'.
[	14-05-2019 20:01:54	] [BAN ACTION] A new ban record has been added. Player: 'Wakke UPP' was banned by 'ByTriis' for 'Banned by staff.SE QUE ERES NUEVO PERO TUS COMPAÑEROS NO PARABAN DE HACER ANTIROL A TI TE PONGO SOLO UN DIA ' until '15/05/2019 20:01:54'.
[	14-05-2019 22:11:31	] [BAN ACTION] The following ban record has been removed (player unbanned). [Player: kEko was banned by ByTriis for Banned by staff.1 SEMANITA BAN, A LA PROXIMA PERBA until 22/05/2019 7:58:50.]
[	14-05-2019 22:11:35	] [BAN ACTION] The following ban record has been removed (player unbanned). [Player: Wakke UPP was banned by ByTriis for Banned by staff.SE QUE ERES NUEVO PERO TUS COMPAÑEROS NO PARABAN DE HACER ANTIROL A TI TE PONGO SOLO UN DIA  until 15/05/2019 20:01:54.]
[	14-05-2019 22:11:37	] [BAN ACTION] The following ban record has been removed (player unbanned). [Player: Twitch Xadrog was banned by ByTriis for Banned by staff.UNA SEMANITA BAN, ESTOY CANSADO YA, MUCHOS REPORTS CONTRA VOSOTROS until 22/05/2019 8:00:25.]
[	15-05-2019 17:30:48	] [BAN ACTION] A new ban record has been added. Player: '#TORETE09' was banned by 'ByTriis' for 'Banned by staff.venga a tu casa inutil, besitos' until '01/01/3000 0:00:00'.
[	15-05-2019 18:12:45	] [KICK ACTION] Player: ByTriis has kicked: kelokemanin for: You have been kicked. Reason: a leerse las normas, ven a discord .
[	15-05-2019 18:41:33	] [BAN ACTION] A new ban record has been added. Player: 'noobmaster69' was banned by 'ByTriis' for 'Banned by staff.besitisi tontito' until '22/05/2019 0:41:33'.
[	15-05-2019 18:57:45	] [BAN ACTION] A new ban record has been added. Player: 'Bufuu' was banned by 'ByTriis' for 'Banned by staff.a tomar por culo un mes cruck' until '14/06/2019 18:57:45'.
[	15-05-2019 18:58:12	] [BAN ACTION] A new ban record has been added. Player: 'Hods23' was banned by 'ByTriis' for 'Banned by staff.A TOMAR POR CULO HIJO DE LA GRAN PUTA, EN MI SERVER NINGUN HACKER, ME CAGO EN TOS TUS MUERTOS' until '01/01/3000 0:00:00'.
[	15-05-2019 19:18:41	] [KICK ACTION] Player: ByTriis has kicked: Palasao2 for: You have been kicked. Reason: QUE HACES MATANDO A GENTE ARROLLANDOLA.
[	15-05-2019 19:34:59	] [BAN ACTION] A new ban record has been added. Player: 'InvalidPlayerName' was banned by 'ByTriis' for 'Banned by staff.LO PRIMERO ES NO FALTAR EL REPETO CHAVAL, POR MUCHO QUE TE HAYAN MATAO' until '15/05/2019 20:34:58'.
[	15-05-2019 20:02:17	] [BAN ACTION] A new ban record has been added. Player: 'CristOfeRR' was banned by 'ByTriis' for 'Banned by staff.vete a tu casa ya hombre, la proxima ni te dejo bici ni pollas ' until '16/05/2019 2:02:17'.
[	16-05-2019 20:34:43	] [BAN ACTION] A new ban record has been added. Player: 'Reus' was banned by 'juanjoseml16' for 'por atropellar sin rol' until '17/05/2019 20:34:43'.
[	16-05-2019 22:53:32	] [BAN ACTION] The following ban record has been removed (player unbanned). The player has been unbanned because their ban duration expired. [Player: InvalidPlayerName was banned by ByTriis for Banned by staff.LO PRIMERO ES NO FALTAR EL REPETO CHAVAL, POR MUCHO QUE TE HAYAN MATAO until 15/05/2019 20:34:58.]
[	16-05-2019 22:57:02	] [BAN ACTION] A new ban record has been added. Player: 'dante69' was banned by 'ByTriis' for 'Banned by staff.rico antirol chavalin, besitos muack' until '01/01/3000 0:00:00'.
[	16-05-2019 23:36:51	] [KICK ACTION] Player: Sunna has kicked: Govigow for: You have been kicked. Reason: AFK..
[	17-05-2019 18:52:09	] [BAN ACTION] A new ban record has been added. Player: 'InvalidPlayerName' was banned by 'ByTriis' for 'Banned by staff.al carre' until '01/01/3000 0:00:00'.
[	17-05-2019 18:52:56	] [KICK ACTION] Player: ByTriis has kicked: sergio_clemente for: You have been kicked. Reason: Cambiate la ropa, no se puede llevar ropa de policia sin ser policia.
[	17-05-2019 18:55:20	] [BAN ACTION] A new ban record has been added. Player: 'CCS' was banned by 'ByTriis' for 'Banned by staff.ALE CRUCK, A TOMAR VIENTO INUTIL, CHETO DE MIERDA' until '01/01/3000 0:00:00'.
[	18-05-2019 14:53:36	] [KICK ACTION] Player: Sunna has kicked: RU2H3R for: You have been kicked. Reason: AFK.
[	18-05-2019 17:21:23	] [BAN ACTION] A new ban record has been added. Player: 'Klooe01' was banned by 'ByTriis' for 'Banned by staff.venga hijo de la gran puta vete a tu puta casa retrasado' until '01/01/3000 0:00:00'.
[	18-05-2019 19:37:37	] [BAN ACTION] A new ban record has been added. Player: 'Marcus Jr Young' was banned by 'Sunna' for 'Chetos' until '17/06/2019 19:37:37'.
[	18-05-2019 22:14:38	] [BAN ACTION] A new ban record has been added. Player: 'JOCKE' was banned by 'ByTriis' for 'Banned by staff.ale atormar por culo hijo de puta' until '01/01/3000 0:00:00'.
[	18-05-2019 22:15:11	] [BAN ACTION] A new ban record has been added. Player: 'shenzie' was banned by 'ByTriis' for 'Banned by staff.otra mas a la mierda' until '01/01/3000 0:00:00'.
[	18-05-2019 22:37:05	] [KICK ACTION] Player: BinVo has kicked: socialmedia.freetime for: You have been kicked. Reason: Ponte microfono y luego entra..
[	19-05-2019 02:22:31	] [BAN ACTION] A new ban record has been added. Player: 'Diego Gomez' was banned by 'Sunna' for 'Chetos' until '18/06/2019 2:22:31'.
[	19-05-2019 16:01:45	] [BAN ACTION] A new ban record has been added. Player: 'mixtoalts' was banned by 'Sunna' for 'HIJO DE PUTA VETE A MOLESTAR A TU PUTA MADRE, CABRON DE MIERDA.' until '01/01/3000 0:00:00'.
[	19-05-2019 18:52:13	] [KICK ACTION] Player: Sunna has kicked: pablourpe for: You have been kicked. Reason: Leete las normas y comprate un micro..
[	19-05-2019 20:23:51	] [KICK ACTION] Player: ByTriis has kicked: Falmin22 for: You have been kicked. Reason: matar en la carcel.
[	19-05-2019 20:25:58	] [KICK ACTION] Player: ByTriis has kicked: Villec for: You have been kicked. Reason: matar en la carcel.
[	20-05-2019 22:09:13	] [BAN ACTION] A new ban record has been added. Player: 'toxic' was banned by 'ByTriis' for 'Banned by staff.al carre loquete, no cojas coches de la poli coño' until '21/05/2019 22:09:13'.
[	21-05-2019 20:16:36	] [BAN ACTION] A new ban record has been added. Player: 'Lincon Barrows' was banned by 'rydeR' for 'Banned by staff.' until '01/01/3000 0:00:00'.
[	21-05-2019 20:18:44	] [BAN ACTION] A new ban record has been added. Player: 'Michael Scofield' was banned by 'ByTriis' for 'Banned by staff. pero que hacer tontin, a tu casa moustruo' until '20/06/2019 20:18:44'.
[	23-05-2019 23:04:36	] [KICK ACTION] Player: Sunna has kicked: AlejandroR7C for: You have been kicked. Reason: Comprate un micro. Esto es un servidor de RP en el que es necesario SI o SI.
[	24-05-2019 22:30:38	] [KICK ACTION] Player: Sunna has kicked: Pablo_kp for: You have been kicked. Reason: AFK.
[	25-05-2019 03:06:00	] [KICK ACTION] Player: Sunna has kicked: THEALEJO14 for: You have been kicked. Reason: No micro, montarse en coches y motos de policia..
[	25-05-2019 04:42:41	] [KICK ACTION] Player: rydeR has kicked: Dengue for: You have been kicked. Reason: Reinicio del servidor.
[	25-05-2019 18:09:01	] [BAN ACTION] A new ban record has been added. Player: 'Jayz Groove' was banned by 'Sunna' for 'Chetos' until '01/01/3000 0:00:00'.
[	25-05-2019 18:09:02	] [BAN ACTION] A new ban record has been added. Player: 'InvalidPlayerName' was banned by 'BinVo' for 'Banned by staff.' until '01/01/3000 0:00:00'.
[	26-05-2019 14:23:37	] [BAN ACTION] A new ban record has been added. Player: 'joel.ag2004' was banned by 'Sunna' for 'Chetos.' until '01/01/3000 0:00:00'.
[	27-05-2019 23:37:45	] [BAN ACTION] A new ban record has been added. Player: 'InvalidPlayerName' was banned by 'Sunna' for 'chetos' until '01/01/3000 0:00:00'.
[	27-05-2019 23:41:44	] [BAN ACTION] A new ban record has been added. Player: 'Petardo Duque' was banned by 'Sunna' for 'Haber, te crees que los adm somos tontos o que ?XD A molestar a tu mami' until '01/01/3000 0:00:00'.
[	29-05-2019 00:26:46	] [BAN ACTION] A new ban record has been added. Player: 'Elcapodaniel' was banned by 'BinVo' for 'Insulta a quien yo te diga.' until '01/01/3000 0:00:00'.
[	29-05-2019 00:35:42	] [BAN ACTION] The following ban record has been removed (player unbanned). [Player: Elcapodaniel was banned by BinVo for Insulta a quien yo te diga. until 01/01/3000 0:00:00.]
